<?xml version="1.0" encoding="UTF-8"?>
<!-- Generated by org.testng.reporters.JUnitReportReporter -->
<testsuite hostname="DESKTOP-159BPU0" name="com.flipkart.product.ProductIndex" tests="1" failures="0" timestamp="4 May 2020 11:52:50 GMT" time="30.660" errors="0">
  <testcase name="flipkart" time="30.660" classname="com.flipkart.product.ProductIndex"/>
</testsuite> <!-- com.flipkart.product.ProductIndex -->
